<?xml version="1.0" encoding="UTF-8"?>
<testng-results ignored="0" total="1" passed="1" failed="0" skipped="0">
  <reporter-output>
  </reporter-output>
  <suite started-at="2019-10-24T03:25:20 EDT" name="Default suite" finished-at="2019-10-24T03:25:47 EDT" duration-ms="26518">
    <groups>
    </groups>
    <test started-at="2019-10-24T03:25:20 EDT" name="Default test" finished-at="2019-10-24T03:25:47 EDT" duration-ms="26518">
      <class name="framework.Reports">
        <test-method signature="launchapplkication()[pri:0, instance:framework.Reports@c03cf28]" started-at="2019-10-24T03:25:21 EDT" name="launchapplkication" finished-at="2019-10-24T03:25:47 EDT" duration-ms="26425" status="PASS">
          <reporter-output>
          </reporter-output>
        </test-method> <!-- launchapplkication -->
      </class> <!-- framework.Reports -->
    </test> <!-- Default test -->
  </suite> <!-- Default suite -->
</testng-results>
